<?xml version="1.0" encoding="UTF-8"?>
<!-- Generated by org.testng.reporters.JUnitXMLReporter -->
<testsuite hostname="DESKTOP-QM91UED" name="SMOKE TEST SUITE" tests="10" failures="4" timestamp="21 Sep 2022 15:56:22 GMT" time="360.177" errors="0">
  <testcase name="TCID_FCC_CG_IRM_001_MessageToBank_MenuOptions_Verification" time="90.918" classname="com.Script.kotak.fcc.product.InwardRemittanceTest"/>
  <testcase name="TCID_FCC_CG_IRM_0008_VerifySearchCriteriaTransactions" time="48.727" classname="com.Script.kotak.fcc.product.InwardRemittanceTest">
    <failure type="java.lang.AssertionError" message="expected [true] but found [false]">
      <![CDATA[java.lang.AssertionError: expected [true] but found [false]
	at com.generic.Utilities.addAssertTakeScreenShot(Utilities.java:399)
	at com.generic.Utilities.logReporter(Utilities.java:341)
	at com.kotak.fcc.product.InwardRemittance.IR.checkCustomerReferenceDisplayed(IR.java:126)
	at com.kotak.fcc.product.InwardRemittance.IR.verifySearchCriteriaTransactions(IR.java:168)
	at com.Script.kotak.fcc.product.InwardRemittanceTest.TCID_FCC_CG_IRM_0008_VerifySearchCriteriaTransactions(InwardRemittanceTest.java:104)
... Removed 31 stack frames]]>
    </failure>
  </testcase> <!-- TCID_FCC_CG_IRM_0008_VerifySearchCriteriaTransactions -->
  <testcase name="TCID_FCC_CG_IRM_0010_VerifyMenuOptionsAvailable" time="7.621" classname="com.Script.kotak.fcc.product.InwardRemittanceTest"/>
  <testcase name="TCID_FCC_CG_IRM_0011_VerifyTransactionsReceivedFromNostroUtility" time="10.335" classname="com.Script.kotak.fcc.product.InwardRemittanceTest"/>
  <testcase name="TCID_FCC_CG_IRM_0025_verifyAuditDetailsForInwardRemittanceTransaction" time="15.349" classname="com.Script.kotak.fcc.product.InwardRemittanceTest"/>
  <testcase name="TCID_FCC_CG_IRM_0026_verifyAuditDetailsForRemittanceCreditTransaction" time="11.333" classname="com.Script.kotak.fcc.product.InwardRemittanceTest"/>
  <testcase name="TCID_FCC_CG_IRM_0034_verifyTransactionCopyValidation" time="21.339" classname="com.Script.kotak.fcc.product.InwardRemittanceTest"/>
  <testcase name="TCID_FCC_CG_IRM_031_verifyPullBackMenuOptionsInFTI" time="22.482" classname="com.Script.kotak.fcc.product.InwardRemittanceTest">
    <failure type="java.lang.AssertionError" message="expected [true] but found [false]">
      <![CDATA[java.lang.AssertionError: expected [true] but found [false]
	at com.generic.Utilities.addAssertTakeScreenShot(Utilities.java:399)
	at com.generic.Utilities.logReporter(Utilities.java:341)
	at com.kotak.fcc.product.InwardRemittance.FTI.clickNostroUtility(FTI.java:121)
	at com.Script.kotak.fcc.product.InwardRemittanceTest.TCID_FCC_CG_IRM_031_verifyPullBackMenuOptionsInFTI(InwardRemittanceTest.java:195)
... Removed 31 stack frames]]>
    </failure>
  </testcase> <!-- TCID_FCC_CG_IRM_031_verifyPullBackMenuOptionsInFTI -->
  <testcase name="TCID_FCC_CG_IRM_032_verifyPullBackEnquirySubmenuInFTI" time="22.56" classname="com.Script.kotak.fcc.product.InwardRemittanceTest">
    <failure type="java.lang.AssertionError" message="expected [true] but found [false]">
      <![CDATA[java.lang.AssertionError: expected [true] but found [false]
	at com.generic.Utilities.addAssertTakeScreenShot(Utilities.java:399)
	at com.generic.Utilities.logReporter(Utilities.java:341)
	at com.kotak.fcc.product.InwardRemittance.FTI.clickNostroUtility(FTI.java:121)
	at com.Script.kotak.fcc.product.InwardRemittanceTest.TCID_FCC_CG_IRM_032_verifyPullBackEnquirySubmenuInFTI(InwardRemittanceTest.java:209)
... Removed 31 stack frames]]>
    </failure>
  </testcase> <!-- TCID_FCC_CG_IRM_032_verifyPullBackEnquirySubmenuInFTI -->
  <testcase name="TCID_FCC_CG_IRM_033_verifyFunctionalityOfPullBackFCCSubmenu" time="23.081" classname="com.Script.kotak.fcc.product.InwardRemittanceTest">
    <failure type="java.lang.AssertionError" message="expected [true] but found [false]">
      <![CDATA[java.lang.AssertionError: expected [true] but found [false]
	at com.generic.Utilities.addAssertTakeScreenShot(Utilities.java:399)
	at com.generic.Utilities.logReporter(Utilities.java:341)
	at com.kotak.fcc.product.InwardRemittance.FTI.clickNostroUtility(FTI.java:121)
	at com.Script.kotak.fcc.product.InwardRemittanceTest.TCID_FCC_CG_IRM_033_verifyFunctionalityOfPullBackFCCSubmenu(InwardRemittanceTest.java:227)
... Removed 31 stack frames]]>
    </failure>
  </testcase> <!-- TCID_FCC_CG_IRM_033_verifyFunctionalityOfPullBackFCCSubmenu -->
</testsuite> <!-- SMOKE TEST SUITE -->
