<?xml version="1.0" encoding="UTF-8"?>
<!-- Generated by org.testng.reporters.JUnitXMLReporter -->
<testsuite hostname="DESKTOP-QM91UED" name="SMOKE TEST SUITE" tests="10" failures="3" timestamp="21 Sep 2022 16:08:44 GMT" time="349.205" errors="0">
  <testcase name="TCID_FCC_CG_IRM_001_MessageToBank_MenuOptions_Verification" time="92.121" classname="com.Script.kotak.fcc.product.InwardRemittanceTest"/>
  <testcase name="TCID_FCC_CG_IRM_0008_VerifySearchCriteriaTransactions" time="29.132" classname="com.Script.kotak.fcc.product.InwardRemittanceTest"/>
  <testcase name="TCID_FCC_CG_IRM_0010_VerifyMenuOptionsAvailable" time="7.5" classname="com.Script.kotak.fcc.product.InwardRemittanceTest"/>
  <testcase name="TCID_FCC_CG_IRM_0011_VerifyTransactionsReceivedFromNostroUtility" time="10.072" classname="com.Script.kotak.fcc.product.InwardRemittanceTest"/>
  <testcase name="TCID_FCC_CG_IRM_0025_verifyAuditDetailsForInwardRemittanceTransaction" time="13.366" classname="com.Script.kotak.fcc.product.InwardRemittanceTest"/>
  <testcase name="TCID_FCCCGIRM0026_verifyAuditDetailsForRemittanceCreditTransaction" time="27.112" classname="com.Script.kotak.fcc.product.InwardRemittanceTest"/>
  <testcase name="TCID_FCC_CG_IRM_0034_verifyTransactionCopyValidation" time="21.195" classname="com.Script.kotak.fcc.product.InwardRemittanceTest"/>
  <testcase name="TCID_FCC_CG_IRM_031_verifyPullBackMenuOptionsInFTI" time="22.58" classname="com.Script.kotak.fcc.product.InwardRemittanceTest">
    <failure type="java.lang.AssertionError" message="expected [true] but found [false]">
      <![CDATA[java.lang.AssertionError: expected [true] but found [false]
	at com.generic.Utilities.addAssertTakeScreenShot(Utilities.java:399)
	at com.generic.Utilities.logReporter(Utilities.java:341)
	at com.kotak.fcc.product.InwardRemittance.FTI.clickNostroUtility(FTI.java:121)
	at com.Script.kotak.fcc.product.InwardRemittanceTest.TCID_FCC_CG_IRM_031_verifyPullBackMenuOptionsInFTI(InwardRemittanceTest.java:195)
... Removed 31 stack frames]]>
    </failure>
  </testcase> <!-- TCID_FCC_CG_IRM_031_verifyPullBackMenuOptionsInFTI -->
  <testcase name="TCID_FCC_CG_IRM_032_verifyPullBackEnquirySubmenuInFTI" time="22.351" classname="com.Script.kotak.fcc.product.InwardRemittanceTest">
    <failure type="java.lang.AssertionError" message="expected [true] but found [false]">
      <![CDATA[java.lang.AssertionError: expected [true] but found [false]
	at com.generic.Utilities.addAssertTakeScreenShot(Utilities.java:399)
	at com.generic.Utilities.logReporter(Utilities.java:341)
	at com.kotak.fcc.product.InwardRemittance.FTI.clickNostroUtility(FTI.java:121)
	at com.Script.kotak.fcc.product.InwardRemittanceTest.TCID_FCC_CG_IRM_032_verifyPullBackEnquirySubmenuInFTI(InwardRemittanceTest.java:209)
... Removed 31 stack frames]]>
    </failure>
  </testcase> <!-- TCID_FCC_CG_IRM_032_verifyPullBackEnquirySubmenuInFTI -->
  <testcase name="TCID_FCC_CG_IRM_033_verifyFunctionalityOfPullBackFCCSubmenu" time="22.397" classname="com.Script.kotak.fcc.product.InwardRemittanceTest">
    <failure type="java.lang.AssertionError" message="expected [true] but found [false]">
      <![CDATA[java.lang.AssertionError: expected [true] but found [false]
	at com.generic.Utilities.addAssertTakeScreenShot(Utilities.java:399)
	at com.generic.Utilities.logReporter(Utilities.java:341)
	at com.kotak.fcc.product.InwardRemittance.FTI.clickNostroUtility(FTI.java:121)
	at com.Script.kotak.fcc.product.InwardRemittanceTest.TCID_FCC_CG_IRM_033_verifyFunctionalityOfPullBackFCCSubmenu(InwardRemittanceTest.java:227)
... Removed 31 stack frames]]>
    </failure>
  </testcase> <!-- TCID_FCC_CG_IRM_033_verifyFunctionalityOfPullBackFCCSubmenu -->
</testsuite> <!-- SMOKE TEST SUITE -->
