<?xml version="1.0" encoding="UTF-8"?>
<testsuite xmlns:xsi="http://www.w3.org/2001/XMLSchema-instance" xsi:schemaLocation="https://maven.apache.org/surefire/maven-surefire-plugin/xsd/surefire-test-report.xsd" name="TestSuite" time="531.355" tests="15" errors="0" skipped="0" failures="7">
  <properties>
[...]
</properties>
  <testcase name="TCIDFCCCGIRM001MessageToBankMenuOptionsVerification" classname="com.Script.kotak.fcc.product.InwardRemittanceTest" time="95.636"/>
  <testcase name="TCID_FCCCGIRM0008VerifySearchCriteriaTransactions" classname="com.Script.kotak.fcc.product.InwardRemittanceTest" time="38.499">
    <failure message="expected [true] but found [false]" type="java.lang.AssertionError">java.lang.AssertionError: expected [true] but found [false]
	at com.Script.kotak.fcc.product.InwardRemittanceTest.TCID_FCCCGIRM0008VerifySearchCriteriaTransactions(InwardRemittanceTest.java:111)
</failure>
    <system-out><![CDATA[Video Recording Started ....!!
**************** into getElementFluent
After Click wait is 1
Step Description--> Click Inward Remittance
**************** into getElementFluent
After Click wait is 1
Step Description--> Click DI Inward Remittance
**************** into getElementFluent
After Click wait is 1
Step Description--> clickFTInquiry
**************** into getElementFluent
After Click wait is 1
Step Description--> click Filter Button
Step Description--> check Portal RefId Displayed
Step Description--> check Customer Reference Displayed
]]></system-out>
    <system-err><![CDATA[java.lang.ArrayIndexOutOfBoundsException: 1
	at com.generic.CustomReporterHelper.startExcelReport(CustomReporterHelper.java:64)
	at com.generic.CustomReporter.onTestSuccess(CustomReporter.java:22)
	at org.testng.internal.Invoker.runTestListeners(Invoker.java:1695)
	at org.testng.internal.Invoker.runTestListeners(Invoker.java:1675)
	at org.testng.internal.Invoker.invokeMethod(Invoker.java:700)
	at org.testng.internal.Invoker.invokeTestMethod(Invoker.java:820)
	at org.testng.internal.Invoker.invokeTestMethods(Invoker.java:1128)
	at org.testng.internal.TestMethodWorker.invokeTestMethods(TestMethodWorker.java:129)
	at org.testng.internal.TestMethodWorker.run(TestMethodWorker.java:112)
	at org.testng.TestRunner.privateRun(TestRunner.java:782)
	at org.testng.TestRunner.run(TestRunner.java:632)
	at org.testng.SuiteRunner.runTest(SuiteRunner.java:366)
	at org.testng.SuiteRunner.runSequentially(SuiteRunner.java:361)
	at org.testng.SuiteRunner.privateRun(SuiteRunner.java:319)
	at org.testng.SuiteRunner.run(SuiteRunner.java:268)
	at org.testng.SuiteRunnerWorker.runSuite(SuiteRunnerWorker.java:52)
	at org.testng.SuiteRunnerWorker.run(SuiteRunnerWorker.java:86)
	at org.testng.TestNG.runSuitesSequentially(TestNG.java:1244)
	at org.testng.TestNG.runSuitesLocally(TestNG.java:1169)
	at org.testng.TestNG.run(TestNG.java:1064)
	at org.apache.maven.surefire.testng.TestNGExecutor.run(TestNGExecutor.java:282)
	at org.apache.maven.surefire.testng.TestNGXmlTestSuite.execute(TestNGXmlTestSuite.java:83)
	at org.apache.maven.surefire.testng.TestNGProvider.invoke(TestNGProvider.java:114)
	at org.apache.maven.surefire.booter.ForkedBooter.invokeProviderInSameClassLoader(ForkedBooter.java:286)
	at org.apache.maven.surefire.booter.ForkedBooter.runSuitesInProcess(ForkedBooter.java:240)
	at org.apache.maven.surefire.booter.ForkedBooter.main(ForkedBooter.java:121)
]]></system-err>
  </testcase>
  <testcase name="TCID_FCCCGIRM0010VerifyMenuOptionsAvailable" classname="com.Script.kotak.fcc.product.InwardRemittanceTest" time="17.763"/>
  <testcase name="TCID_FCCCGIRM0011VerifyTransactionsReceivedFromNostroUtility" classname="com.Script.kotak.fcc.product.InwardRemittanceTest" time="20.249"/>
  <testcase name="TCID_FCCCGIRM0025verifyAuditDetailsForInwardRemittanceTransaction" classname="com.Script.kotak.fcc.product.InwardRemittanceTest" time="12.28"/>
  <testcase name="TCID_FCCCGIRM0026verifyAuditDetailsForRemittanceCreditTransaction" classname="com.Script.kotak.fcc.product.InwardRemittanceTest" time="21.527"/>
  <testcase name="TCID_FCCCGIRM0034verifyTransactionCopyValidation" classname="com.Script.kotak.fcc.product.InwardRemittanceTest" time="40.605"/>
  <testcase name="FCC_CGIRM0017verifySubProductDisposalInstructions" classname="com.Script.kotak.fcc.product.InwardRemittanceTest" time="0.054">
    <failure message="java.lang.NullPointerException" type="java.lang.RuntimeException">java.lang.RuntimeException: java.lang.NullPointerException
	at com.Script.kotak.fcc.product.InwardRemittanceTest.FCC_CGIRM0017verifySubProductDisposalInstructions(InwardRemittanceTest.java:198)
Caused by: java.lang.NullPointerException
	at com.Script.kotak.fcc.product.InwardRemittanceTest.FCC_CGIRM0017verifySubProductDisposalInstructions(InwardRemittanceTest.java:198)
</failure>
    <system-out><![CDATA[Result ****************:     pass
Video Recording Started ....!!
]]></system-out>
  </testcase>
  <testcase name="FCC_CGIRM0019verifyFieldValidationPurposeType" classname="com.Script.kotak.fcc.product.InwardRemittanceTest" time="35.578"/>
  <testcase name="FCC_CGIRM0020verifyverifyFieldValidationRealisatiopExportBillsInwardRemittance" classname="com.Script.kotak.fcc.product.InwardRemittanceTest" time="33.164"/>
  <testcase name="FCC_CGIRM0021verifyFieldValidationPurposeTypeOtherReceiptMISCInwardRemittance" classname="com.Script.kotak.fcc.product.InwardRemittanceTest" time="22.372">
    <failure message="expected [true] but found [false]" type="java.lang.AssertionError">java.lang.AssertionError: expected [true] but found [false]
	at com.Script.kotak.fcc.product.InwardRemittanceTest.FCC_CGIRM0021verifyFieldValidationPurposeTypeOtherReceiptMISCInwardRemittance(InwardRemittanceTest.java:278)
</failure>
    <system-out><![CDATA[Result ****************:     pass
Video Recording Started ....!!
I got timeout Expected condition failed: waiting for presence of element located by: By.xpath: //div[contains(text(),'Edit Transactions')] (tried for 20 second(s) with 500 milliseconds interval)
Step Description--> click Edit Transactions
]]></system-out>
    <system-err><![CDATA[org.openqa.selenium.TimeoutException: Expected condition failed: waiting for presence of element located by: By.xpath: //div[contains(text(),'Edit Transactions')] (tried for 20 second(s) with 500 milliseconds interval)
	at org.openqa.selenium.support.ui.WebDriverWait.timeoutException(WebDriverWait.java:113)
	at org.openqa.selenium.support.ui.FluentWait.until(FluentWait.java:283)
	at com.generic.SynchronizationUtilities.waitForElementPresence(SynchronizationUtilities.java:31)
	at com.generic.WrapperFunctions.click(WrapperFunctions.java:378)
	at com.kotak.fcc.product.InwardRemittance.IR.clickEditTransactions(IR.java:77)
	at com.Script.kotak.fcc.product.InwardRemittanceTest.FCC_CGIRM0021verifyFieldValidationPurposeTypeOtherReceiptMISCInwardRemittance(InwardRemittanceTest.java:278)
	at sun.reflect.NativeMethodAccessorImpl.invoke0(Native Method)
	at sun.reflect.NativeMethodAccessorImpl.invoke(NativeMethodAccessorImpl.java:62)
	at sun.reflect.DelegatingMethodAccessorImpl.invoke(DelegatingMethodAccessorImpl.java:43)
	at java.lang.reflect.Method.invoke(Method.java:498)
	at org.testng.internal.MethodInvocationHelper.invokeMethod(MethodInvocationHelper.java:86)
	at org.testng.internal.Invoker.invokeMethod(Invoker.java:643)
	at org.testng.internal.Invoker.invokeTestMethod(Invoker.java:820)
	at org.testng.internal.Invoker.invokeTestMethods(Invoker.java:1128)
	at org.testng.internal.TestMethodWorker.invokeTestMethods(TestMethodWorker.java:129)
	at org.testng.internal.TestMethodWorker.run(TestMethodWorker.java:112)
	at org.testng.TestRunner.privateRun(TestRunner.java:782)
	at org.testng.TestRunner.run(TestRunner.java:632)
	at org.testng.SuiteRunner.runTest(SuiteRunner.java:366)
	at org.testng.SuiteRunner.runSequentially(SuiteRunner.java:361)
	at org.testng.SuiteRunner.privateRun(SuiteRunner.java:319)
	at org.testng.SuiteRunner.run(SuiteRunner.java:268)
	at org.testng.SuiteRunnerWorker.runSuite(SuiteRunnerWorker.java:52)
	at org.testng.SuiteRunnerWorker.run(SuiteRunnerWorker.java:86)
	at org.testng.TestNG.runSuitesSequentially(TestNG.java:1244)
	at org.testng.TestNG.runSuitesLocally(TestNG.java:1169)
	at org.testng.TestNG.run(TestNG.java:1064)
	at org.apache.maven.surefire.testng.TestNGExecutor.run(TestNGExecutor.java:282)
	at org.apache.maven.surefire.testng.TestNGXmlTestSuite.execute(TestNGXmlTestSuite.java:83)
	at org.apache.maven.surefire.testng.TestNGProvider.invoke(TestNGProvider.java:114)
	at org.apache.maven.surefire.booter.ForkedBooter.invokeProviderInSameClassLoader(ForkedBooter.java:286)
	at org.apache.maven.surefire.booter.ForkedBooter.runSuitesInProcess(ForkedBooter.java:240)
	at org.apache.maven.surefire.booter.ForkedBooter.main(ForkedBooter.java:121)
Caused by: org.openqa.selenium.NoSuchElementException: Cannot locate an element using By.xpath: //div[contains(text(),'Edit Transactions')]
For documentation on this error, please visit: http://seleniumhq.org/exceptions/no_such_element.html
Build info: version: '3.14.0', revision: 'aacccce0', time: '2018-08-02T20:19:58.91Z'
System info: host: 'DESKTOP-QM91UED', ip: '192.168.244.145', os.name: 'Windows 10', os.arch: 'amd64', os.version: '10.0', java.version: '1.8.0_121'
Driver info: driver.version: unknown
	at org.openqa.selenium.support.ui.ExpectedConditions.lambda$findElement$0(ExpectedConditions.java:896)
	at java.util.Optional.orElseThrow(Optional.java:290)
	at org.openqa.selenium.support.ui.ExpectedConditions.findElement(ExpectedConditions.java:895)
	at org.openqa.selenium.support.ui.ExpectedConditions.access$000(ExpectedConditions.java:44)
	at org.openqa.selenium.support.ui.ExpectedConditions$6.apply(ExpectedConditions.java:183)
	at org.openqa.selenium.support.ui.ExpectedConditions$6.apply(ExpectedConditions.java:180)
	at org.openqa.selenium.support.ui.FluentWait.until(FluentWait.java:260)
	... 31 more
]]></system-err>
  </testcase>
  <testcase name="FCC_CGIRM0023verifyInwardRemittanceSwiftDetails" classname="com.Script.kotak.fcc.product.InwardRemittanceTest" time="35.178">
    <failure message="expected [true] but found [false]" type="java.lang.AssertionError">java.lang.AssertionError: expected [true] but found [false]
	at com.Script.kotak.fcc.product.InwardRemittanceTest.FCC_CGIRM0023verifyInwardRemittanceSwiftDetails(InwardRemittanceTest.java:300)
</failure>
    <system-out><![CDATA[verify screenshot path : C:\Users\Dilip\git\InwardRemittance/target/surefire-reports/ScreenShot/
Exception for +CGIRM0021verifyFieldValidationPurposeTypeOtherReceiptMISCInwardRemittance - java.lang.AssertionError:expected [true] but found [false]
Exception for M +CGIRM0021verifyFieldValidationPurposeTypeOtherReceiptMISCInwardRemittance - expected [true] but found [false]
Result ****************:     fail
Video Recording Started ....!!
**************** into getElementFluent
After Click wait is 1
Step Description--> Click DI Inward Remittance
I got timeout Expected condition failed: waiting for presence of element located by: By.xpath: (//span[text()='DI - Inward Remittance'])[2] (tried for 20 second(s) with 500 milliseconds interval)
Step Description--> Click DI Inward Remittance
]]></system-out>
    <system-err><![CDATA[org.openqa.selenium.TimeoutException: Expected condition failed: waiting for presence of element located by: By.xpath: (//span[text()='DI - Inward Remittance'])[2] (tried for 20 second(s) with 500 milliseconds interval)
	at org.openqa.selenium.support.ui.WebDriverWait.timeoutException(WebDriverWait.java:113)
	at org.openqa.selenium.support.ui.FluentWait.until(FluentWait.java:283)
	at com.generic.SynchronizationUtilities.waitForElementPresence(SynchronizationUtilities.java:31)
	at com.generic.WrapperFunctions.click(WrapperFunctions.java:378)
	at com.flows.commonFlows.CommonFlow.navigateToDIInwardRemittance(CommonFlow.java:79)
	at com.Script.kotak.fcc.product.InwardRemittanceTest.FCC_CGIRM0023verifyInwardRemittanceSwiftDetails(InwardRemittanceTest.java:300)
	at sun.reflect.NativeMethodAccessorImpl.invoke0(Native Method)
	at sun.reflect.NativeMethodAccessorImpl.invoke(NativeMethodAccessorImpl.java:62)
	at sun.reflect.DelegatingMethodAccessorImpl.invoke(DelegatingMethodAccessorImpl.java:43)
	at java.lang.reflect.Method.invoke(Method.java:498)
	at org.testng.internal.MethodInvocationHelper.invokeMethod(MethodInvocationHelper.java:86)
	at org.testng.internal.Invoker.invokeMethod(Invoker.java:643)
	at org.testng.internal.Invoker.invokeTestMethod(Invoker.java:820)
	at org.testng.internal.Invoker.invokeTestMethods(Invoker.java:1128)
	at org.testng.internal.TestMethodWorker.invokeTestMethods(TestMethodWorker.java:129)
	at org.testng.internal.TestMethodWorker.run(TestMethodWorker.java:112)
	at org.testng.TestRunner.privateRun(TestRunner.java:782)
	at org.testng.TestRunner.run(TestRunner.java:632)
	at org.testng.SuiteRunner.runTest(SuiteRunner.java:366)
	at org.testng.SuiteRunner.runSequentially(SuiteRunner.java:361)
	at org.testng.SuiteRunner.privateRun(SuiteRunner.java:319)
	at org.testng.SuiteRunner.run(SuiteRunner.java:268)
	at org.testng.SuiteRunnerWorker.runSuite(SuiteRunnerWorker.java:52)
	at org.testng.SuiteRunnerWorker.run(SuiteRunnerWorker.java:86)
	at org.testng.TestNG.runSuitesSequentially(TestNG.java:1244)
	at org.testng.TestNG.runSuitesLocally(TestNG.java:1169)
	at org.testng.TestNG.run(TestNG.java:1064)
	at org.apache.maven.surefire.testng.TestNGExecutor.run(TestNGExecutor.java:282)
	at org.apache.maven.surefire.testng.TestNGXmlTestSuite.execute(TestNGXmlTestSuite.java:83)
	at org.apache.maven.surefire.testng.TestNGProvider.invoke(TestNGProvider.java:114)
	at org.apache.maven.surefire.booter.ForkedBooter.invokeProviderInSameClassLoader(ForkedBooter.java:286)
	at org.apache.maven.surefire.booter.ForkedBooter.runSuitesInProcess(ForkedBooter.java:240)
	at org.apache.maven.surefire.booter.ForkedBooter.main(ForkedBooter.java:121)
Caused by: org.openqa.selenium.NoSuchElementException: Cannot locate an element using By.xpath: (//span[text()='DI - Inward Remittance'])[2]
For documentation on this error, please visit: http://seleniumhq.org/exceptions/no_such_element.html
Build info: version: '3.14.0', revision: 'aacccce0', time: '2018-08-02T20:19:58.91Z'
System info: host: 'DESKTOP-QM91UED', ip: '192.168.244.145', os.name: 'Windows 10', os.arch: 'amd64', os.version: '10.0', java.version: '1.8.0_121'
Driver info: driver.version: unknown
	at org.openqa.selenium.support.ui.ExpectedConditions.lambda$findElement$0(ExpectedConditions.java:896)
	at java.util.Optional.orElseThrow(Optional.java:290)
	at org.openqa.selenium.support.ui.ExpectedConditions.findElement(ExpectedConditions.java:895)
	at org.openqa.selenium.support.ui.ExpectedConditions.access$000(ExpectedConditions.java:44)
	at org.openqa.selenium.support.ui.ExpectedConditions$6.apply(ExpectedConditions.java:183)
	at org.openqa.selenium.support.ui.ExpectedConditions$6.apply(ExpectedConditions.java:180)
	at org.openqa.selenium.support.ui.FluentWait.until(FluentWait.java:260)
	... 31 more
]]></system-err>
  </testcase>
  <testcase name="TCID_FCCCGIRM031verifyPullBackMenuOptionsInFTI" classname="com.Script.kotak.fcc.product.InwardRemittanceTest" time="0.003">
    <failure message="java.lang.NullPointerException" type="java.lang.RuntimeException">java.lang.RuntimeException: java.lang.NullPointerException
	at com.Script.kotak.fcc.product.InwardRemittanceTest.TCID_FCCCGIRM031verifyPullBackMenuOptionsInFTI(InwardRemittanceTest.java:313)
Caused by: java.lang.NullPointerException
	at com.Script.kotak.fcc.product.InwardRemittanceTest.TCID_FCCCGIRM031verifyPullBackMenuOptionsInFTI(InwardRemittanceTest.java:313)
</failure>
    <system-out><![CDATA[verify screenshot path : C:\Users\Dilip\git\InwardRemittance/target/surefire-reports/ScreenShot/
Exception for +CGIRM0023verifyInwardRemittanceSwiftDetails - java.lang.AssertionError:expected [true] but found [false]
Exception for M +CGIRM0023verifyInwardRemittanceSwiftDetails - expected [true] but found [false]
Result ****************:     fail
Video Recording Started ....!!
]]></system-out>
  </testcase>
  <testcase name="TCID_FCCCGIRM032verifyPullBackEnquirySubmenuInFTI" classname="com.Script.kotak.fcc.product.InwardRemittanceTest" time="0.005">
    <failure message="java.lang.NullPointerException" type="java.lang.RuntimeException">java.lang.RuntimeException: java.lang.NullPointerException
	at com.Script.kotak.fcc.product.InwardRemittanceTest.TCID_FCCCGIRM032verifyPullBackEnquirySubmenuInFTI(InwardRemittanceTest.java:327)
Caused by: java.lang.NullPointerException
	at com.Script.kotak.fcc.product.InwardRemittanceTest.TCID_FCCCGIRM032verifyPullBackEnquirySubmenuInFTI(InwardRemittanceTest.java:327)
</failure>
    <system-out><![CDATA[verify screenshot path : C:\Users\Dilip\git\InwardRemittance/target/surefire-reports/ScreenShot/
Exception for +FCCCGIRM031verifyPullBackMenuOptionsInFTI - java.lang.RuntimeException:java.lang.NullPointerException
Exception for M +FCCCGIRM031verifyPullBackMenuOptionsInFTI - java.lang.NullPointerException
Result ****************:     fail
Video Recording Started ....!!
]]></system-out>
  </testcase>
  <testcase name="TCID_FCCCGIRM033verifyFunctionalityOfPullBackFCCSubmenu" classname="com.Script.kotak.fcc.product.InwardRemittanceTest" time="0.004">
    <failure message="java.lang.NullPointerException" type="java.lang.RuntimeException">java.lang.RuntimeException: java.lang.NullPointerException
	at com.Script.kotak.fcc.product.InwardRemittanceTest.TCID_FCCCGIRM033verifyFunctionalityOfPullBackFCCSubmenu(InwardRemittanceTest.java:345)
Caused by: java.lang.NullPointerException
	at com.Script.kotak.fcc.product.InwardRemittanceTest.TCID_FCCCGIRM033verifyFunctionalityOfPullBackFCCSubmenu(InwardRemittanceTest.java:345)
</failure>
    <system-out><![CDATA[verify screenshot path : C:\Users\Dilip\git\InwardRemittance/target/surefire-reports/ScreenShot/
Exception for +FCCCGIRM032verifyPullBackEnquirySubmenuInFTI - java.lang.RuntimeException:java.lang.NullPointerException
Exception for M +FCCCGIRM032verifyPullBackEnquirySubmenuInFTI - java.lang.NullPointerException
Result ****************:     fail
Video Recording Started ....!!
]]></system-out>
  </testcase>
</testsuite>