<?xml version="1.0" encoding="UTF-8"?>
<!-- Generated by org.testng.reporters.JUnitXMLReporter -->
<testsuite hostname="DESKTOP-QM91UED" name="SMOKE TEST SUITE" tests="15" failures="7" timestamp="21 Sep 2022 19:02:50 GMT" time="481.772" errors="0">
  <testcase name="TCIDFCCCGIRM001MessageToBankMenuOptionsVerification" time="95.636" classname="com.Script.kotak.fcc.product.InwardRemittanceTest"/>
  <testcase name="TCID_FCCCGIRM0008VerifySearchCriteriaTransactions" time="38.481" classname="com.Script.kotak.fcc.product.InwardRemittanceTest">
    <failure type="java.lang.AssertionError" message="expected [true] but found [false]">
      <![CDATA[java.lang.AssertionError: expected [true] but found [false]
	at com.generic.Utilities.addAssertTakeScreenShot(Utilities.java:399)
	at com.generic.Utilities.logReporter(Utilities.java:341)
	at com.kotak.fcc.product.InwardRemittance.IR.checkCustomerReferenceDisplayed(IR.java:126)
	at com.kotak.fcc.product.InwardRemittance.IR.verifySearchCriteriaTransactions(IR.java:168)
	at com.Script.kotak.fcc.product.InwardRemittanceTest.TCID_FCCCGIRM0008VerifySearchCriteriaTransactions(InwardRemittanceTest.java:111)
... Removed 31 stack frames]]>
    </failure>
  </testcase> <!-- TCID_FCCCGIRM0008VerifySearchCriteriaTransactions -->
  <testcase name="TCID_FCCCGIRM0010VerifyMenuOptionsAvailable" time="17.763" classname="com.Script.kotak.fcc.product.InwardRemittanceTest"/>
  <testcase name="TCID_FCCCGIRM0011VerifyTransactionsReceivedFromNostroUtility" time="20.248" classname="com.Script.kotak.fcc.product.InwardRemittanceTest"/>
  <testcase name="TCID_FCCCGIRM0025verifyAuditDetailsForInwardRemittanceTransaction" time="12.278" classname="com.Script.kotak.fcc.product.InwardRemittanceTest"/>
  <testcase name="TCID_FCCCGIRM0026verifyAuditDetailsForRemittanceCreditTransaction" time="21.526" classname="com.Script.kotak.fcc.product.InwardRemittanceTest"/>
  <testcase name="TCID_FCCCGIRM0034verifyTransactionCopyValidation" time="40.604" classname="com.Script.kotak.fcc.product.InwardRemittanceTest"/>
  <testcase name="FCC_CGIRM0017verifySubProductDisposalInstructions" time="0.004" classname="com.Script.kotak.fcc.product.InwardRemittanceTest">
    <failure type="java.lang.RuntimeException" message="java.lang.NullPointerException">
      <![CDATA[java.lang.RuntimeException: java.lang.NullPointerException
	at com.generic.Utilities.dpString(Utilities.java:515)
	at com.Script.kotak.fcc.product.InwardRemittanceTest.FCC_CGIRM0017verifySubProductDisposalInstructions(InwardRemittanceTest.java:198)
Caused by: java.lang.NullPointerException
	at com.generic.Utilities.dpString(Utilities.java:504)
	... 28 more
... Removed 27 stack frames]]>
    </failure>
  </testcase> <!-- FCC_CGIRM0017verifySubProductDisposalInstructions -->
  <testcase name="FCC_CGIRM0019verifyFieldValidationPurposeType" time="35.577" classname="com.Script.kotak.fcc.product.InwardRemittanceTest"/>
  <testcase name="FCC_CGIRM0020verifyverifyFieldValidationRealisatiopExportBillsInwardRemittance" time="33.165" classname="com.Script.kotak.fcc.product.InwardRemittanceTest"/>
  <testcase name="FCC_CGIRM0021verifyFieldValidationPurposeTypeOtherReceiptMISCInwardRemittance" time="22.372" classname="com.Script.kotak.fcc.product.InwardRemittanceTest">
    <failure type="java.lang.AssertionError" message="expected [true] but found [false]">
      <![CDATA[java.lang.AssertionError: expected [true] but found [false]
	at com.generic.Utilities.addAssertTakeScreenShot(Utilities.java:399)
	at com.generic.Utilities.logReporter(Utilities.java:341)
	at com.kotak.fcc.product.InwardRemittance.IR.clickEditTransactions(IR.java:76)
	at com.Script.kotak.fcc.product.InwardRemittanceTest.FCC_CGIRM0021verifyFieldValidationPurposeTypeOtherReceiptMISCInwardRemittance(InwardRemittanceTest.java:278)
... Removed 31 stack frames]]>
    </failure>
  </testcase> <!-- FCC_CGIRM0021verifyFieldValidationPurposeTypeOtherReceiptMISCInwardRemittance -->
  <testcase name="FCC_CGIRM0023verifyInwardRemittanceSwiftDetails" time="35.176" classname="com.Script.kotak.fcc.product.InwardRemittanceTest">
    <failure type="java.lang.AssertionError" message="expected [true] but found [false]">
      <![CDATA[java.lang.AssertionError: expected [true] but found [false]
	at com.generic.Utilities.addAssertTakeScreenShot(Utilities.java:399)
	at com.generic.Utilities.logReporter(Utilities.java:341)
	at com.flows.commonFlows.CommonFlow.navigateToDIInwardRemittance(CommonFlow.java:78)
	at com.Script.kotak.fcc.product.InwardRemittanceTest.FCC_CGIRM0023verifyInwardRemittanceSwiftDetails(InwardRemittanceTest.java:300)
... Removed 31 stack frames]]>
    </failure>
  </testcase> <!-- FCC_CGIRM0023verifyInwardRemittanceSwiftDetails -->
  <testcase name="TCID_FCCCGIRM031verifyPullBackMenuOptionsInFTI" time="0.002" classname="com.Script.kotak.fcc.product.InwardRemittanceTest">
    <failure type="java.lang.RuntimeException" message="java.lang.NullPointerException">
      <![CDATA[java.lang.RuntimeException: java.lang.NullPointerException
	at com.generic.Utilities.dpString(Utilities.java:515)
	at com.Script.kotak.fcc.product.InwardRemittanceTest.TCID_FCCCGIRM031verifyPullBackMenuOptionsInFTI(InwardRemittanceTest.java:313)
Caused by: java.lang.NullPointerException
	at com.generic.Utilities.dpString(Utilities.java:504)
	... 28 more
... Removed 27 stack frames]]>
    </failure>
  </testcase> <!-- TCID_FCCCGIRM031verifyPullBackMenuOptionsInFTI -->
  <testcase name="TCID_FCCCGIRM032verifyPullBackEnquirySubmenuInFTI" time="0.004" classname="com.Script.kotak.fcc.product.InwardRemittanceTest">
    <failure type="java.lang.RuntimeException" message="java.lang.NullPointerException">
      <![CDATA[java.lang.RuntimeException: java.lang.NullPointerException
	at com.generic.Utilities.dpString(Utilities.java:515)
	at com.Script.kotak.fcc.product.InwardRemittanceTest.TCID_FCCCGIRM032verifyPullBackEnquirySubmenuInFTI(InwardRemittanceTest.java:327)
Caused by: java.lang.NullPointerException
	at com.generic.Utilities.dpString(Utilities.java:504)
	... 28 more
... Removed 27 stack frames]]>
    </failure>
  </testcase> <!-- TCID_FCCCGIRM032verifyPullBackEnquirySubmenuInFTI -->
  <testcase name="TCID_FCCCGIRM033verifyFunctionalityOfPullBackFCCSubmenu" time="0.003" classname="com.Script.kotak.fcc.product.InwardRemittanceTest">
    <failure type="java.lang.RuntimeException" message="java.lang.NullPointerException">
      <![CDATA[java.lang.RuntimeException: java.lang.NullPointerException
	at com.generic.Utilities.dpString(Utilities.java:515)
	at com.Script.kotak.fcc.product.InwardRemittanceTest.TCID_FCCCGIRM033verifyFunctionalityOfPullBackFCCSubmenu(InwardRemittanceTest.java:345)
Caused by: java.lang.NullPointerException
	at com.generic.Utilities.dpString(Utilities.java:504)
	... 28 more
... Removed 27 stack frames]]>
    </failure>
  </testcase> <!-- TCID_FCCCGIRM033verifyFunctionalityOfPullBackFCCSubmenu -->
</testsuite> <!-- SMOKE TEST SUITE -->
